<?xml version="1.0" encoding="UTF-8"?>
<robot generator="Robot 6.1.1 (Python 3.11.5 on win32)" generated="20230903 23:48:53.236" rpa="false" schemaversion="4">
<suite id="s1" name="Preenchimento Incorreto" source="C:\Users\ranayna.oliveira\Documents\workspace-robot\curso-robot\preenchimento_incorreto.robot">
<test id="s1-t1" name="Verificar se quando um campo obrigatório não for preenchido corretamente o sistema exibe uma mensagem de campo obrigatório" line="19">
<kw name="Dado que eu acesse o organo" library="setup_teardown" type="SETUP">
<kw name="Open Browser" library="SeleniumLibrary">
<arg>url=http://localhost:3000/</arg>
<arg>browser=Chrome</arg>
<doc>Opens a new browser instance to the optional ``url``.</doc>
<msg timestamp="20230903 23:48:53.502" level="INFO">Opening browser 'Chrome' to base url 'http://localhost:3000/'.</msg>
<status status="PASS" starttime="20230903 23:48:53.502" endtime="20230903 23:48:56.837"/>
</kw>
<status status="PASS" starttime="20230903 23:48:53.502" endtime="20230903 23:48:56.837"/>
</kw>
<kw name="Dado que eu clique no botão criar card">
<kw name="Click Element" library="SeleniumLibrary">
<arg>${CAMPO_CARD}</arg>
<doc>Click the element identified by ``locator``.</doc>
<msg timestamp="20230903 23:48:56.840" level="INFO">Clicking element 'id:form-botao'.</msg>
<status status="PASS" starttime="20230903 23:48:56.839" endtime="20230903 23:48:56.947"/>
</kw>
<status status="PASS" starttime="20230903 23:48:56.838" endtime="20230903 23:48:56.947"/>
</kw>
<kw name="Então sistema deve apresentar mensagem de campo obrigatório">
<kw name="Element Should Be Visible" library="SeleniumLibrary">
<arg>id:form-nome-erro</arg>
<doc>Verifies that the element identified by ``locator`` is visible.</doc>
<msg timestamp="20230903 23:48:57.102" level="INFO">Element 'id:form-nome-erro' is displayed.</msg>
<status status="PASS" starttime="20230903 23:48:56.947" endtime="20230903 23:48:57.102"/>
</kw>
<kw name="Element Should Be Visible" library="SeleniumLibrary">
<arg>id:form-cargo-erro</arg>
<doc>Verifies that the element identified by ``locator`` is visible.</doc>
<msg timestamp="20230903 23:48:57.135" level="INFO">Element 'id:form-cargo-erro' is displayed.</msg>
<status status="PASS" starttime="20230903 23:48:57.102" endtime="20230903 23:48:57.136"/>
</kw>
<kw name="Element Should Be Visible" library="SeleniumLibrary">
<arg>id:form-times-erro</arg>
<doc>Verifies that the element identified by ``locator`` is visible.</doc>
<msg timestamp="20230903 23:48:57.153" level="INFO">Element 'id:form-times-erro' is displayed.</msg>
<status status="PASS" starttime="20230903 23:48:57.136" endtime="20230903 23:48:57.153"/>
</kw>
<status status="PASS" starttime="20230903 23:48:56.947" endtime="20230903 23:48:57.153"/>
</kw>
<kw name="Fechar o navegaor" library="setup_teardown" type="TEARDOWN">
<kw name="Close Browser" library="SeleniumLibrary">
<doc>Closes the current browser.</doc>
<status status="PASS" starttime="20230903 23:48:57.153" endtime="20230903 23:48:59.337"/>
</kw>
<status status="PASS" starttime="20230903 23:48:57.153" endtime="20230903 23:48:59.337"/>
</kw>
<status status="PASS" starttime="20230903 23:48:53.502" endtime="20230903 23:48:59.337"/>
</test>
<status status="PASS" starttime="20230903 23:48:53.236" endtime="20230903 23:48:59.337"/>
</suite>
<statistics>
<total>
<stat pass="1" fail="0" skip="0">All Tests</stat>
</total>
<tag>
</tag>
<suite>
<stat pass="1" fail="0" skip="0" id="s1" name="Preenchimento Incorreto">Preenchimento Incorreto</stat>
</suite>
</statistics>
<errors>
</errors>
</robot>
