<?xml version="1.0" encoding="UTF-8"?>
<robot generator="Robot 6.1.1 (Python 3.11.5 on win32)" generated="20230907 22:10:24.788" rpa="false" schemaversion="4">
<suite id="s1" name="Curso-Robot" source="C:\Users\ranayna.oliveira\Documents\workspace-robot\curso-robot">
<suite id="s1-s1" name="Preenchimento Correto" source="C:\Users\ranayna.oliveira\Documents\workspace-robot\curso-robot\preenchimento_correto.robot">
<test id="s1-s1-t1" name="Verificar se é possível criar um card para cada time disponível se preenchermos os campos corretamente" line="65">
<kw name="Dado que eu acesse o organo" library="setup_teardown" type="SETUP">
<kw name="Open Browser" library="SeleniumLibrary">
<arg>url=http://localhost:3000/</arg>
<arg>browser=Chrome</arg>
<doc>Opens a new browser instance to the optional ``url``.</doc>
<msg timestamp="20230907 22:10:26.907" level="INFO">Opening browser 'Chrome' to base url 'http://localhost:3000/'.</msg>
<status status="PASS" starttime="20230907 22:10:26.905" endtime="20230907 22:10:31.049"/>
</kw>
<status status="PASS" starttime="20230907 22:10:26.902" endtime="20230907 22:10:31.049"/>
</kw>
<kw name="Dado que preencha os campos do formulário">
<kw name="First Name" library="FakerLibrary">
<var>${Nome}</var>
<msg timestamp="20230907 22:10:31.054" level="INFO">${Nome} = Eduardo</msg>
<status status="PASS" starttime="20230907 22:10:31.053" endtime="20230907 22:10:31.055"/>
</kw>
<kw name="Input Text" library="SeleniumLibrary">
<arg>${CAMPO_NOME}</arg>
<arg>${Nome}</arg>
<doc>Types the given ``text`` into the text field identified by ``locator``.</doc>
<msg timestamp="20230907 22:10:31.059" level="INFO">Typing text 'Eduardo' into text field 'id:form-nome'.</msg>
<status status="PASS" starttime="20230907 22:10:31.056" endtime="20230907 22:10:31.397"/>
</kw>
<kw name="Job" library="FakerLibrary">
<var>${Cargo}</var>
<msg timestamp="20230907 22:10:31.399" level="INFO">${Cargo} = Empresário</msg>
<status status="PASS" starttime="20230907 22:10:31.398" endtime="20230907 22:10:31.400"/>
</kw>
<kw name="Input Text" library="SeleniumLibrary">
<arg>${CAMPO_CARGO}</arg>
<arg>${Cargo}</arg>
<doc>Types the given ``text`` into the text field identified by ``locator``.</doc>
<msg timestamp="20230907 22:10:31.402" level="INFO">Typing text 'Empresário' into text field 'id:form-cargo'.</msg>
<status status="PASS" starttime="20230907 22:10:31.400" endtime="20230907 22:10:31.694"/>
</kw>
<kw name="Image Url" library="FakerLibrary">
<var>${Imagem}</var>
<arg>width=100</arg>
<arg>height=100</arg>
<doc>Returns URL to placeholder image
Example: http://placehold.it/640x480</doc>
<msg timestamp="20230907 22:10:31.697" level="INFO">${Imagem} = https://picsum.photos/100/100</msg>
<status status="PASS" starttime="20230907 22:10:31.694" endtime="20230907 22:10:31.698"/>
</kw>
<kw name="Input Text" library="SeleniumLibrary">
<arg>${CAMPO_IMAGEM}</arg>
<arg>${Imagem}</arg>
<doc>Types the given ``text`` into the text field identified by ``locator``.</doc>
<msg timestamp="20230907 22:10:31.701" level="INFO">Typing text 'https://picsum.photos/100/100' into text field 'id:form-imagem'.</msg>
<status status="PASS" starttime="20230907 22:10:31.698" endtime="20230907 22:10:32.093"/>
</kw>
<kw name="Click Element" library="SeleniumLibrary">
<arg>${CAMPO_TIME}</arg>
<doc>Click the element identified by ``locator``.</doc>
<msg timestamp="20230907 22:10:32.097" level="INFO">Clicking element 'class:lista-suspensa'.</msg>
<status status="PASS" starttime="20230907 22:10:32.094" endtime="20230907 22:10:32.240"/>
</kw>
<kw name="Click Element" library="SeleniumLibrary">
<arg>${selecionar_times}[0]</arg>
<doc>Click the element identified by ``locator``.</doc>
<msg timestamp="20230907 22:10:32.244" level="INFO">Clicking element '//option[contains(.,'Programação')]'.</msg>
<status status="PASS" starttime="20230907 22:10:32.241" endtime="20230907 22:10:32.377"/>
</kw>
<status status="PASS" starttime="20230907 22:10:31.051" endtime="20230907 22:10:32.378"/>
</kw>
<kw name="Então criar e identificar 1 card em cada time disponível">
<for flavor="IN ENUMERATE">
<var>${index}</var>
<var>${time}</var>
<value>@{selecionar_times}</value>
<iter>
<var name="${index}">0</var>
<var name="${time}">//option[contains(.,'Programação')]</var>
<kw name="Dado que preencha os campos do formulário">
<kw name="First Name" library="FakerLibrary">
<var>${Nome}</var>
<msg timestamp="20230907 22:10:32.386" level="INFO">${Nome} = Cauê</msg>
<status status="PASS" starttime="20230907 22:10:32.384" endtime="20230907 22:10:32.387"/>
</kw>
<kw name="Input Text" library="SeleniumLibrary">
<arg>${CAMPO_NOME}</arg>
<arg>${Nome}</arg>
<doc>Types the given ``text`` into the text field identified by ``locator``.</doc>
<msg timestamp="20230907 22:10:32.391" level="INFO">Typing text 'Cauê' into text field 'id:form-nome'.</msg>
<status status="PASS" starttime="20230907 22:10:32.388" endtime="20230907 22:10:32.679"/>
</kw>
<kw name="Job" library="FakerLibrary">
<var>${Cargo}</var>
<msg timestamp="20230907 22:10:32.682" level="INFO">${Cargo} = Cientista social</msg>
<status status="PASS" starttime="20230907 22:10:32.679" endtime="20230907 22:10:32.683"/>
</kw>
<kw name="Input Text" library="SeleniumLibrary">
<arg>${CAMPO_CARGO}</arg>
<arg>${Cargo}</arg>
<doc>Types the given ``text`` into the text field identified by ``locator``.</doc>
<msg timestamp="20230907 22:10:32.688" level="INFO">Typing text 'Cientista social' into text field 'id:form-cargo'.</msg>
<status status="PASS" starttime="20230907 22:10:32.684" endtime="20230907 22:10:32.944"/>
</kw>
<kw name="Image Url" library="FakerLibrary">
<var>${Imagem}</var>
<arg>width=100</arg>
<arg>height=100</arg>
<doc>Returns URL to placeholder image
Example: http://placehold.it/640x480</doc>
<msg timestamp="20230907 22:10:32.947" level="INFO">${Imagem} = https://dummyimage.com/100x100</msg>
<status status="PASS" starttime="20230907 22:10:32.945" endtime="20230907 22:10:32.948"/>
</kw>
<kw name="Input Text" library="SeleniumLibrary">
<arg>${CAMPO_IMAGEM}</arg>
<arg>${Imagem}</arg>
<doc>Types the given ``text`` into the text field identified by ``locator``.</doc>
<msg timestamp="20230907 22:10:32.951" level="INFO">Typing text 'https://dummyimage.com/100x100' into text field 'id:form-imagem'.</msg>
<status status="PASS" starttime="20230907 22:10:32.948" endtime="20230907 22:10:33.249"/>
</kw>
<kw name="Click Element" library="SeleniumLibrary">
<arg>${CAMPO_TIME}</arg>
<doc>Click the element identified by ``locator``.</doc>
<msg timestamp="20230907 22:10:33.251" level="INFO">Clicking element 'class:lista-suspensa'.</msg>
<status status="PASS" starttime="20230907 22:10:33.249" endtime="20230907 22:10:33.376"/>
</kw>
<kw name="Click Element" library="SeleniumLibrary">
<arg>${selecionar_times}[0]</arg>
<doc>Click the element identified by ``locator``.</doc>
<msg timestamp="20230907 22:10:33.380" level="INFO">Clicking element '//option[contains(.,'Programação')]'.</msg>
<status status="PASS" starttime="20230907 22:10:33.377" endtime="20230907 22:10:33.432"/>
</kw>
<status status="PASS" starttime="20230907 22:10:32.382" endtime="20230907 22:10:33.433"/>
</kw>
<kw name="Click Element" library="SeleniumLibrary">
<arg>${time}</arg>
<doc>Click the element identified by ``locator``.</doc>
<msg timestamp="20230907 22:10:33.436" level="INFO">Clicking element '//option[contains(.,'Programação')]'.</msg>
<status status="PASS" starttime="20230907 22:10:33.433" endtime="20230907 22:10:33.505"/>
</kw>
<kw name="E clique no botão criar card">
<kw name="Click Element" library="SeleniumLibrary">
<arg>${CAMPO_CARD}</arg>
<doc>Click the element identified by ``locator``.</doc>
<msg timestamp="20230907 22:10:33.507" level="INFO">Clicking element 'id:form-botao'.</msg>
<status status="PASS" starttime="20230907 22:10:33.506" endtime="20230907 22:10:33.866"/>
</kw>
<status status="PASS" starttime="20230907 22:10:33.506" endtime="20230907 22:10:33.866"/>
</kw>
<status status="PASS" starttime="20230907 22:10:32.382" endtime="20230907 22:10:33.866"/>
</iter>
<iter>
<var name="${index}">1</var>
<var name="${time}">//option[contains(.,'Front-End')]</var>
<kw name="Dado que preencha os campos do formulário">
<kw name="First Name" library="FakerLibrary">
<var>${Nome}</var>
<msg timestamp="20230907 22:10:33.873" level="INFO">${Nome} = Gustavo Henrique</msg>
<status status="PASS" starttime="20230907 22:10:33.872" endtime="20230907 22:10:33.874"/>
</kw>
<kw name="Input Text" library="SeleniumLibrary">
<arg>${CAMPO_NOME}</arg>
<arg>${Nome}</arg>
<doc>Types the given ``text`` into the text field identified by ``locator``.</doc>
<msg timestamp="20230907 22:10:33.875" level="INFO">Typing text 'Gustavo Henrique' into text field 'id:form-nome'.</msg>
<status status="PASS" starttime="20230907 22:10:33.874" endtime="20230907 22:10:34.108"/>
</kw>
<kw name="Job" library="FakerLibrary">
<var>${Cargo}</var>
<msg timestamp="20230907 22:10:34.110" level="INFO">${Cargo} = Chargista</msg>
<status status="PASS" starttime="20230907 22:10:34.109" endtime="20230907 22:10:34.110"/>
</kw>
<kw name="Input Text" library="SeleniumLibrary">
<arg>${CAMPO_CARGO}</arg>
<arg>${Cargo}</arg>
<doc>Types the given ``text`` into the text field identified by ``locator``.</doc>
<msg timestamp="20230907 22:10:34.112" level="INFO">Typing text 'Chargista' into text field 'id:form-cargo'.</msg>
<status status="PASS" starttime="20230907 22:10:34.111" endtime="20230907 22:10:34.313"/>
</kw>
<kw name="Image Url" library="FakerLibrary">
<var>${Imagem}</var>
<arg>width=100</arg>
<arg>height=100</arg>
<doc>Returns URL to placeholder image
Example: http://placehold.it/640x480</doc>
<msg timestamp="20230907 22:10:34.316" level="INFO">${Imagem} = https://picsum.photos/100/100</msg>
<status status="PASS" starttime="20230907 22:10:34.314" endtime="20230907 22:10:34.318"/>
</kw>
<kw name="Input Text" library="SeleniumLibrary">
<arg>${CAMPO_IMAGEM}</arg>
<arg>${Imagem}</arg>
<doc>Types the given ``text`` into the text field identified by ``locator``.</doc>
<msg timestamp="20230907 22:10:34.321" level="INFO">Typing text 'https://picsum.photos/100/100' into text field 'id:form-imagem'.</msg>
<status status="PASS" starttime="20230907 22:10:34.319" endtime="20230907 22:10:34.584"/>
</kw>
<kw name="Click Element" library="SeleniumLibrary">
<arg>${CAMPO_TIME}</arg>
<doc>Click the element identified by ``locator``.</doc>
<msg timestamp="20230907 22:10:34.587" level="INFO">Clicking element 'class:lista-suspensa'.</msg>
<status status="PASS" starttime="20230907 22:10:34.586" endtime="20230907 22:10:34.680"/>
</kw>
<kw name="Click Element" library="SeleniumLibrary">
<arg>${selecionar_times}[0]</arg>
<doc>Click the element identified by ``locator``.</doc>
<msg timestamp="20230907 22:10:34.682" level="INFO">Clicking element '//option[contains(.,'Programação')]'.</msg>
<status status="PASS" starttime="20230907 22:10:34.681" endtime="20230907 22:10:34.739"/>
</kw>
<status status="PASS" starttime="20230907 22:10:33.871" endtime="20230907 22:10:34.739"/>
</kw>
<kw name="Click Element" library="SeleniumLibrary">
<arg>${time}</arg>
<doc>Click the element identified by ``locator``.</doc>
<msg timestamp="20230907 22:10:34.741" level="INFO">Clicking element '//option[contains(.,'Front-End')]'.</msg>
<status status="PASS" starttime="20230907 22:10:34.739" endtime="20230907 22:10:34.782"/>
</kw>
<kw name="E clique no botão criar card">
<kw name="Click Element" library="SeleniumLibrary">
<arg>${CAMPO_CARD}</arg>
<doc>Click the element identified by ``locator``.</doc>
<msg timestamp="20230907 22:10:34.786" level="INFO">Clicking element 'id:form-botao'.</msg>
<status status="PASS" starttime="20230907 22:10:34.785" endtime="20230907 22:10:34.858"/>
</kw>
<status status="PASS" starttime="20230907 22:10:34.783" endtime="20230907 22:10:34.858"/>
</kw>
<status status="PASS" starttime="20230907 22:10:33.870" endtime="20230907 22:10:34.859"/>
</iter>
<iter>
<var name="${index}">2</var>
<var name="${time}">//option[contains(.,'Data Science')]</var>
<kw name="Dado que preencha os campos do formulário">
<kw name="First Name" library="FakerLibrary">
<var>${Nome}</var>
<msg timestamp="20230907 22:10:34.861" level="INFO">${Nome} = Henrique</msg>
<status status="PASS" starttime="20230907 22:10:34.861" endtime="20230907 22:10:34.862"/>
</kw>
<kw name="Input Text" library="SeleniumLibrary">
<arg>${CAMPO_NOME}</arg>
<arg>${Nome}</arg>
<doc>Types the given ``text`` into the text field identified by ``locator``.</doc>
<msg timestamp="20230907 22:10:34.864" level="INFO">Typing text 'Henrique' into text field 'id:form-nome'.</msg>
<status status="PASS" starttime="20230907 22:10:34.862" endtime="20230907 22:10:35.005"/>
</kw>
<kw name="Job" library="FakerLibrary">
<var>${Cargo}</var>
<msg timestamp="20230907 22:10:35.006" level="INFO">${Cargo} = Peixeiro</msg>
<status status="PASS" starttime="20230907 22:10:35.005" endtime="20230907 22:10:35.007"/>
</kw>
<kw name="Input Text" library="SeleniumLibrary">
<arg>${CAMPO_CARGO}</arg>
<arg>${Cargo}</arg>
<doc>Types the given ``text`` into the text field identified by ``locator``.</doc>
<msg timestamp="20230907 22:10:35.012" level="INFO">Typing text 'Peixeiro' into text field 'id:form-cargo'.</msg>
<status status="PASS" starttime="20230907 22:10:35.007" endtime="20230907 22:10:35.151"/>
</kw>
<kw name="Image Url" library="FakerLibrary">
<var>${Imagem}</var>
<arg>width=100</arg>
<arg>height=100</arg>
<doc>Returns URL to placeholder image
Example: http://placehold.it/640x480</doc>
<msg timestamp="20230907 22:10:35.154" level="INFO">${Imagem} = https://dummyimage.com/100x100</msg>
<status status="PASS" starttime="20230907 22:10:35.152" endtime="20230907 22:10:35.155"/>
</kw>
<kw name="Input Text" library="SeleniumLibrary">
<arg>${CAMPO_IMAGEM}</arg>
<arg>${Imagem}</arg>
<doc>Types the given ``text`` into the text field identified by ``locator``.</doc>
<msg timestamp="20230907 22:10:35.157" level="INFO">Typing text 'https://dummyimage.com/100x100' into text field 'id:form-imagem'.</msg>
<status status="PASS" starttime="20230907 22:10:35.155" endtime="20230907 22:10:35.390"/>
</kw>
<kw name="Click Element" library="SeleniumLibrary">
<arg>${CAMPO_TIME}</arg>
<doc>Click the element identified by ``locator``.</doc>
<msg timestamp="20230907 22:10:35.391" level="INFO">Clicking element 'class:lista-suspensa'.</msg>
<status status="PASS" starttime="20230907 22:10:35.390" endtime="20230907 22:10:35.475"/>
</kw>
<kw name="Click Element" library="SeleniumLibrary">
<arg>${selecionar_times}[0]</arg>
<doc>Click the element identified by ``locator``.</doc>
<msg timestamp="20230907 22:10:35.480" level="INFO">Clicking element '//option[contains(.,'Programação')]'.</msg>
<status status="PASS" starttime="20230907 22:10:35.476" endtime="20230907 22:10:35.538"/>
</kw>
<status status="PASS" starttime="20230907 22:10:34.860" endtime="20230907 22:10:35.538"/>
</kw>
<kw name="Click Element" library="SeleniumLibrary">
<arg>${time}</arg>
<doc>Click the element identified by ``locator``.</doc>
<msg timestamp="20230907 22:10:35.539" level="INFO">Clicking element '//option[contains(.,'Data Science')]'.</msg>
<status status="PASS" starttime="20230907 22:10:35.538" endtime="20230907 22:10:35.578"/>
</kw>
<kw name="E clique no botão criar card">
<kw name="Click Element" library="SeleniumLibrary">
<arg>${CAMPO_CARD}</arg>
<doc>Click the element identified by ``locator``.</doc>
<msg timestamp="20230907 22:10:35.581" level="INFO">Clicking element 'id:form-botao'.</msg>
<status status="PASS" starttime="20230907 22:10:35.580" endtime="20230907 22:10:35.661"/>
</kw>
<status status="PASS" starttime="20230907 22:10:35.579" endtime="20230907 22:10:35.662"/>
</kw>
<status status="PASS" starttime="20230907 22:10:34.859" endtime="20230907 22:10:35.662"/>
</iter>
<iter>
<var name="${index}">3</var>
<var name="${time}">//option[contains(.,'Devops')]</var>
<kw name="Dado que preencha os campos do formulário">
<kw name="First Name" library="FakerLibrary">
<var>${Nome}</var>
<msg timestamp="20230907 22:10:35.665" level="INFO">${Nome} = Nina</msg>
<status status="PASS" starttime="20230907 22:10:35.664" endtime="20230907 22:10:35.665"/>
</kw>
<kw name="Input Text" library="SeleniumLibrary">
<arg>${CAMPO_NOME}</arg>
<arg>${Nome}</arg>
<doc>Types the given ``text`` into the text field identified by ``locator``.</doc>
<msg timestamp="20230907 22:10:35.667" level="INFO">Typing text 'Nina' into text field 'id:form-nome'.</msg>
<status status="PASS" starttime="20230907 22:10:35.665" endtime="20230907 22:10:35.776"/>
</kw>
<kw name="Job" library="FakerLibrary">
<var>${Cargo}</var>
<msg timestamp="20230907 22:10:35.779" level="INFO">${Cargo} = Técnico em hardware</msg>
<status status="PASS" starttime="20230907 22:10:35.777" endtime="20230907 22:10:35.779"/>
</kw>
<kw name="Input Text" library="SeleniumLibrary">
<arg>${CAMPO_CARGO}</arg>
<arg>${Cargo}</arg>
<doc>Types the given ``text`` into the text field identified by ``locator``.</doc>
<msg timestamp="20230907 22:10:35.781" level="INFO">Typing text 'Técnico em hardware' into text field 'id:form-cargo'.</msg>
<status status="PASS" starttime="20230907 22:10:35.780" endtime="20230907 22:10:35.995"/>
</kw>
<kw name="Image Url" library="FakerLibrary">
<var>${Imagem}</var>
<arg>width=100</arg>
<arg>height=100</arg>
<doc>Returns URL to placeholder image
Example: http://placehold.it/640x480</doc>
<msg timestamp="20230907 22:10:35.998" level="INFO">${Imagem} = https://picsum.photos/100/100</msg>
<status status="PASS" starttime="20230907 22:10:35.996" endtime="20230907 22:10:35.998"/>
</kw>
<kw name="Input Text" library="SeleniumLibrary">
<arg>${CAMPO_IMAGEM}</arg>
<arg>${Imagem}</arg>
<doc>Types the given ``text`` into the text field identified by ``locator``.</doc>
<msg timestamp="20230907 22:10:36.001" level="INFO">Typing text 'https://picsum.photos/100/100' into text field 'id:form-imagem'.</msg>
<status status="PASS" starttime="20230907 22:10:35.998" endtime="20230907 22:10:36.239"/>
</kw>
<kw name="Click Element" library="SeleniumLibrary">
<arg>${CAMPO_TIME}</arg>
<doc>Click the element identified by ``locator``.</doc>
<msg timestamp="20230907 22:10:36.240" level="INFO">Clicking element 'class:lista-suspensa'.</msg>
<status status="PASS" starttime="20230907 22:10:36.239" endtime="20230907 22:10:36.356"/>
</kw>
<kw name="Click Element" library="SeleniumLibrary">
<arg>${selecionar_times}[0]</arg>
<doc>Click the element identified by ``locator``.</doc>
<msg timestamp="20230907 22:10:36.359" level="INFO">Clicking element '//option[contains(.,'Programação')]'.</msg>
<status status="PASS" starttime="20230907 22:10:36.357" endtime="20230907 22:10:36.430"/>
</kw>
<status status="PASS" starttime="20230907 22:10:35.663" endtime="20230907 22:10:36.430"/>
</kw>
<kw name="Click Element" library="SeleniumLibrary">
<arg>${time}</arg>
<doc>Click the element identified by ``locator``.</doc>
<msg timestamp="20230907 22:10:36.433" level="INFO">Clicking element '//option[contains(.,'Devops')]'.</msg>
<status status="PASS" starttime="20230907 22:10:36.431" endtime="20230907 22:10:36.488"/>
</kw>
<kw name="E clique no botão criar card">
<kw name="Click Element" library="SeleniumLibrary">
<arg>${CAMPO_CARD}</arg>
<doc>Click the element identified by ``locator``.</doc>
<msg timestamp="20230907 22:10:36.491" level="INFO">Clicking element 'id:form-botao'.</msg>
<status status="PASS" starttime="20230907 22:10:36.490" endtime="20230907 22:10:36.578"/>
</kw>
<status status="PASS" starttime="20230907 22:10:36.489" endtime="20230907 22:10:36.578"/>
</kw>
<status status="PASS" starttime="20230907 22:10:35.662" endtime="20230907 22:10:36.579"/>
</iter>
<iter>
<var name="${index}">4</var>
<var name="${time}">//option[contains(.,'UX e Design')]</var>
<kw name="Dado que preencha os campos do formulário">
<kw name="First Name" library="FakerLibrary">
<var>${Nome}</var>
<msg timestamp="20230907 22:10:36.581" level="INFO">${Nome} = Bernardo</msg>
<status status="PASS" starttime="20230907 22:10:36.580" endtime="20230907 22:10:36.582"/>
</kw>
<kw name="Input Text" library="SeleniumLibrary">
<arg>${CAMPO_NOME}</arg>
<arg>${Nome}</arg>
<doc>Types the given ``text`` into the text field identified by ``locator``.</doc>
<msg timestamp="20230907 22:10:36.585" level="INFO">Typing text 'Bernardo' into text field 'id:form-nome'.</msg>
<status status="PASS" starttime="20230907 22:10:36.582" endtime="20230907 22:10:36.713"/>
</kw>
<kw name="Job" library="FakerLibrary">
<var>${Cargo}</var>
<msg timestamp="20230907 22:10:36.715" level="INFO">${Cargo} = Dogueiro</msg>
<status status="PASS" starttime="20230907 22:10:36.714" endtime="20230907 22:10:36.715"/>
</kw>
<kw name="Input Text" library="SeleniumLibrary">
<arg>${CAMPO_CARGO}</arg>
<arg>${Cargo}</arg>
<doc>Types the given ``text`` into the text field identified by ``locator``.</doc>
<msg timestamp="20230907 22:10:36.715" level="INFO">Typing text 'Dogueiro' into text field 'id:form-cargo'.</msg>
<status status="PASS" starttime="20230907 22:10:36.715" endtime="20230907 22:10:36.844"/>
</kw>
<kw name="Image Url" library="FakerLibrary">
<var>${Imagem}</var>
<arg>width=100</arg>
<arg>height=100</arg>
<doc>Returns URL to placeholder image
Example: http://placehold.it/640x480</doc>
<msg timestamp="20230907 22:10:36.847" level="INFO">${Imagem} = https://placekitten.com/100/100</msg>
<status status="PASS" starttime="20230907 22:10:36.845" endtime="20230907 22:10:36.847"/>
</kw>
<kw name="Input Text" library="SeleniumLibrary">
<arg>${CAMPO_IMAGEM}</arg>
<arg>${Imagem}</arg>
<doc>Types the given ``text`` into the text field identified by ``locator``.</doc>
<msg timestamp="20230907 22:10:36.849" level="INFO">Typing text 'https://placekitten.com/100/100' into text field 'id:form-imagem'.</msg>
<status status="PASS" starttime="20230907 22:10:36.847" endtime="20230907 22:10:37.023"/>
</kw>
<kw name="Click Element" library="SeleniumLibrary">
<arg>${CAMPO_TIME}</arg>
<doc>Click the element identified by ``locator``.</doc>
<msg timestamp="20230907 22:10:37.025" level="INFO">Clicking element 'class:lista-suspensa'.</msg>
<status status="PASS" starttime="20230907 22:10:37.024" endtime="20230907 22:10:37.097"/>
</kw>
<kw name="Click Element" library="SeleniumLibrary">
<arg>${selecionar_times}[0]</arg>
<doc>Click the element identified by ``locator``.</doc>
<msg timestamp="20230907 22:10:37.099" level="INFO">Clicking element '//option[contains(.,'Programação')]'.</msg>
<status status="PASS" starttime="20230907 22:10:37.098" endtime="20230907 22:10:37.142"/>
</kw>
<status status="PASS" starttime="20230907 22:10:36.580" endtime="20230907 22:10:37.142"/>
</kw>
<kw name="Click Element" library="SeleniumLibrary">
<arg>${time}</arg>
<doc>Click the element identified by ``locator``.</doc>
<msg timestamp="20230907 22:10:37.144" level="INFO">Clicking element '//option[contains(.,'UX e Design')]'.</msg>
<status status="PASS" starttime="20230907 22:10:37.143" endtime="20230907 22:10:37.185"/>
</kw>
<kw name="E clique no botão criar card">
<kw name="Click Element" library="SeleniumLibrary">
<arg>${CAMPO_CARD}</arg>
<doc>Click the element identified by ``locator``.</doc>
<msg timestamp="20230907 22:10:37.187" level="INFO">Clicking element 'id:form-botao'.</msg>
<status status="PASS" starttime="20230907 22:10:37.186" endtime="20230907 22:10:37.256"/>
</kw>
<status status="PASS" starttime="20230907 22:10:37.185" endtime="20230907 22:10:37.257"/>
</kw>
<status status="PASS" starttime="20230907 22:10:36.579" endtime="20230907 22:10:37.257"/>
</iter>
<iter>
<var name="${index}">5</var>
<var name="${time}">//option[contains(.,'Mobile')]</var>
<kw name="Dado que preencha os campos do formulário">
<kw name="First Name" library="FakerLibrary">
<var>${Nome}</var>
<msg timestamp="20230907 22:10:37.259" level="INFO">${Nome} = Ana Clara</msg>
<status status="PASS" starttime="20230907 22:10:37.259" endtime="20230907 22:10:37.260"/>
</kw>
<kw name="Input Text" library="SeleniumLibrary">
<arg>${CAMPO_NOME}</arg>
<arg>${Nome}</arg>
<doc>Types the given ``text`` into the text field identified by ``locator``.</doc>
<msg timestamp="20230907 22:10:37.262" level="INFO">Typing text 'Ana Clara' into text field 'id:form-nome'.</msg>
<status status="PASS" starttime="20230907 22:10:37.260" endtime="20230907 22:10:37.379"/>
</kw>
<kw name="Job" library="FakerLibrary">
<var>${Cargo}</var>
<msg timestamp="20230907 22:10:37.380" level="INFO">${Cargo} = Técnico em edificações</msg>
<status status="PASS" starttime="20230907 22:10:37.379" endtime="20230907 22:10:37.380"/>
</kw>
<kw name="Input Text" library="SeleniumLibrary">
<arg>${CAMPO_CARGO}</arg>
<arg>${Cargo}</arg>
<doc>Types the given ``text`` into the text field identified by ``locator``.</doc>
<msg timestamp="20230907 22:10:37.382" level="INFO">Typing text 'Técnico em edificações' into text field 'id:form-cargo'.</msg>
<status status="PASS" starttime="20230907 22:10:37.380" endtime="20230907 22:10:37.516"/>
</kw>
<kw name="Image Url" library="FakerLibrary">
<var>${Imagem}</var>
<arg>width=100</arg>
<arg>height=100</arg>
<doc>Returns URL to placeholder image
Example: http://placehold.it/640x480</doc>
<msg timestamp="20230907 22:10:37.519" level="INFO">${Imagem} = https://dummyimage.com/100x100</msg>
<status status="PASS" starttime="20230907 22:10:37.517" endtime="20230907 22:10:37.520"/>
</kw>
<kw name="Input Text" library="SeleniumLibrary">
<arg>${CAMPO_IMAGEM}</arg>
<arg>${Imagem}</arg>
<doc>Types the given ``text`` into the text field identified by ``locator``.</doc>
<msg timestamp="20230907 22:10:37.521" level="INFO">Typing text 'https://dummyimage.com/100x100' into text field 'id:form-imagem'.</msg>
<status status="PASS" starttime="20230907 22:10:37.520" endtime="20230907 22:10:37.653"/>
</kw>
<kw name="Click Element" library="SeleniumLibrary">
<arg>${CAMPO_TIME}</arg>
<doc>Click the element identified by ``locator``.</doc>
<msg timestamp="20230907 22:10:37.655" level="INFO">Clicking element 'class:lista-suspensa'.</msg>
<status status="PASS" starttime="20230907 22:10:37.653" endtime="20230907 22:10:37.713"/>
</kw>
<kw name="Click Element" library="SeleniumLibrary">
<arg>${selecionar_times}[0]</arg>
<doc>Click the element identified by ``locator``.</doc>
<msg timestamp="20230907 22:10:37.714" level="INFO">Clicking element '//option[contains(.,'Programação')]'.</msg>
<status status="PASS" starttime="20230907 22:10:37.713" endtime="20230907 22:10:37.746"/>
</kw>
<status status="PASS" starttime="20230907 22:10:37.258" endtime="20230907 22:10:37.746"/>
</kw>
<kw name="Click Element" library="SeleniumLibrary">
<arg>${time}</arg>
<doc>Click the element identified by ``locator``.</doc>
<msg timestamp="20230907 22:10:37.748" level="INFO">Clicking element '//option[contains(.,'Mobile')]'.</msg>
<status status="PASS" starttime="20230907 22:10:37.747" endtime="20230907 22:10:37.788"/>
</kw>
<kw name="E clique no botão criar card">
<kw name="Click Element" library="SeleniumLibrary">
<arg>${CAMPO_CARD}</arg>
<doc>Click the element identified by ``locator``.</doc>
<msg timestamp="20230907 22:10:37.791" level="INFO">Clicking element 'id:form-botao'.</msg>
<status status="PASS" starttime="20230907 22:10:37.790" endtime="20230907 22:10:37.841"/>
</kw>
<status status="PASS" starttime="20230907 22:10:37.789" endtime="20230907 22:10:37.841"/>
</kw>
<status status="PASS" starttime="20230907 22:10:37.257" endtime="20230907 22:10:37.841"/>
</iter>
<iter>
<var name="${index}">6</var>
<var name="${time}">//option[contains(.,'Inovação')]</var>
<kw name="Dado que preencha os campos do formulário">
<kw name="First Name" library="FakerLibrary">
<var>${Nome}</var>
<msg timestamp="20230907 22:10:37.842" level="INFO">${Nome} = Milena</msg>
<status status="PASS" starttime="20230907 22:10:37.842" endtime="20230907 22:10:37.843"/>
</kw>
<kw name="Input Text" library="SeleniumLibrary">
<arg>${CAMPO_NOME}</arg>
<arg>${Nome}</arg>
<doc>Types the given ``text`` into the text field identified by ``locator``.</doc>
<msg timestamp="20230907 22:10:37.845" level="INFO">Typing text 'Milena' into text field 'id:form-nome'.</msg>
<status status="PASS" starttime="20230907 22:10:37.843" endtime="20230907 22:10:37.942"/>
</kw>
<kw name="Job" library="FakerLibrary">
<var>${Cargo}</var>
<msg timestamp="20230907 22:10:37.943" level="INFO">${Cargo} = Musicoterapeuta</msg>
<status status="PASS" starttime="20230907 22:10:37.942" endtime="20230907 22:10:37.943"/>
</kw>
<kw name="Input Text" library="SeleniumLibrary">
<arg>${CAMPO_CARGO}</arg>
<arg>${Cargo}</arg>
<doc>Types the given ``text`` into the text field identified by ``locator``.</doc>
<msg timestamp="20230907 22:10:37.945" level="INFO">Typing text 'Musicoterapeuta' into text field 'id:form-cargo'.</msg>
<status status="PASS" starttime="20230907 22:10:37.944" endtime="20230907 22:10:38.078"/>
</kw>
<kw name="Image Url" library="FakerLibrary">
<var>${Imagem}</var>
<arg>width=100</arg>
<arg>height=100</arg>
<doc>Returns URL to placeholder image
Example: http://placehold.it/640x480</doc>
<msg timestamp="20230907 22:10:38.081" level="INFO">${Imagem} = https://dummyimage.com/100x100</msg>
<status status="PASS" starttime="20230907 22:10:38.079" endtime="20230907 22:10:38.081"/>
</kw>
<kw name="Input Text" library="SeleniumLibrary">
<arg>${CAMPO_IMAGEM}</arg>
<arg>${Imagem}</arg>
<doc>Types the given ``text`` into the text field identified by ``locator``.</doc>
<msg timestamp="20230907 22:10:38.084" level="INFO">Typing text 'https://dummyimage.com/100x100' into text field 'id:form-imagem'.</msg>
<status status="PASS" starttime="20230907 22:10:38.082" endtime="20230907 22:10:38.225"/>
</kw>
<kw name="Click Element" library="SeleniumLibrary">
<arg>${CAMPO_TIME}</arg>
<doc>Click the element identified by ``locator``.</doc>
<msg timestamp="20230907 22:10:38.226" level="INFO">Clicking element 'class:lista-suspensa'.</msg>
<status status="PASS" starttime="20230907 22:10:38.225" endtime="20230907 22:10:38.293"/>
</kw>
<kw name="Click Element" library="SeleniumLibrary">
<arg>${selecionar_times}[0]</arg>
<doc>Click the element identified by ``locator``.</doc>
<msg timestamp="20230907 22:10:38.294" level="INFO">Clicking element '//option[contains(.,'Programação')]'.</msg>
<status status="PASS" starttime="20230907 22:10:38.293" endtime="20230907 22:10:38.330"/>
</kw>
<status status="PASS" starttime="20230907 22:10:37.841" endtime="20230907 22:10:38.331"/>
</kw>
<kw name="Click Element" library="SeleniumLibrary">
<arg>${time}</arg>
<doc>Click the element identified by ``locator``.</doc>
<msg timestamp="20230907 22:10:38.333" level="INFO">Clicking element '//option[contains(.,'Inovação')]'.</msg>
<status status="PASS" starttime="20230907 22:10:38.331" endtime="20230907 22:10:38.366"/>
</kw>
<kw name="E clique no botão criar card">
<kw name="Click Element" library="SeleniumLibrary">
<arg>${CAMPO_CARD}</arg>
<doc>Click the element identified by ``locator``.</doc>
<msg timestamp="20230907 22:10:38.368" level="INFO">Clicking element 'id:form-botao'.</msg>
<status status="PASS" starttime="20230907 22:10:38.367" endtime="20230907 22:10:38.437"/>
</kw>
<status status="PASS" starttime="20230907 22:10:38.366" endtime="20230907 22:10:38.437"/>
</kw>
<status status="PASS" starttime="20230907 22:10:37.841" endtime="20230907 22:10:38.437"/>
</iter>
<status status="PASS" starttime="20230907 22:10:32.380" endtime="20230907 22:10:38.437"/>
</for>
<kw name="Sleep" library="BuiltIn">
<arg>10s</arg>
<doc>Pauses the test executed for the given time.</doc>
<msg timestamp="20230907 22:10:48.439" level="INFO">Slept 10 seconds</msg>
<status status="PASS" starttime="20230907 22:10:38.438" endtime="20230907 22:10:48.439"/>
</kw>
<status status="PASS" starttime="20230907 22:10:32.379" endtime="20230907 22:10:48.439"/>
</kw>
<kw name="Fechar o navegaor" library="setup_teardown" type="TEARDOWN">
<kw name="Close Browser" library="SeleniumLibrary">
<doc>Closes the current browser.</doc>
<status status="PASS" starttime="20230907 22:10:48.439" endtime="20230907 22:10:50.622"/>
</kw>
<status status="PASS" starttime="20230907 22:10:48.439" endtime="20230907 22:10:50.622"/>
</kw>
<status status="PASS" starttime="20230907 22:10:26.898" endtime="20230907 22:10:50.622"/>
</test>
<status status="PASS" starttime="20230907 22:10:24.831" endtime="20230907 22:10:50.622"/>
</suite>
<status status="PASS" starttime="20230907 22:10:24.794" endtime="20230907 22:10:50.622"/>
</suite>
<statistics>
<total>
<stat pass="1" fail="0" skip="0">All Tests</stat>
</total>
<tag>
</tag>
<suite>
<stat pass="1" fail="0" skip="0" id="s1" name="Curso-Robot">Curso-Robot</stat>
<stat pass="1" fail="0" skip="0" id="s1-s1" name="Preenchimento Correto">Curso-Robot.Preenchimento Correto</stat>
</suite>
</statistics>
<errors>
</errors>
</robot>
